#
# There is insufficient memory for the Java Runtime Environment to continue.
# Native memory allocation (malloc) failed to allocate 2281936 bytes for Chunk::new
# Possible reasons:
#   The system is out of physical RAM or swap space
#   The process is running with CompressedOops enabled, and the Java Heap may be blocking the growth of the native heap
# Possible solutions:
#   Reduce memory load on the system
#   Increase physical memory or swap space
#   Check if swap backing store is full
#   Decrease Java heap size (-Xmx/-Xms)
#   Decrease number of Java threads
#   Decrease Java thread stack sizes (-Xss)
#   Set larger code cache with -XX:ReservedCodeCacheSize=
#   JVM is running with Unscaled Compressed Oops mode in which the Java heap is
#     placed in the first 4GB address space. The Java Heap base address is the
#     maximum limit for the native heap growth. Please use -XX:HeapBaseMinAddress
#     to set the Java Heap base and to place the Java Heap above 4GB virtual address.
# This output file may be truncated or incomplete.
#
#  Out of Memory Error (allocation.cpp:389), pid=1592, tid=0x0000000000003e0c
#
# JRE version: OpenJDK Runtime Environment (8.0_212-b04) (build 1.8.0_212-release-1586-b04)
# Java VM: OpenJDK 64-Bit Server VM (25.212-b04 mixed mode windows-amd64 compressed oops)
# Failed to write core dump. Minidumps are not enabled by default on client versions of Windows
#

---------------  T H R E A D  ---------------

Current thread (0x0000000016d8c800):  JavaThread "C2 CompilerThread0" daemon [_thread_in_native, id=15884, stack(0x0000000018680000,0x0000000018780000)]

Stack: [0x0000000018680000,0x0000000018780000]
[error occurred during error reporting (printing stack bounds), id 0xc0000005]

Native frames: (J=compiled Java code, j=interpreted, Vv=VM code, C=native code)


Current CompileTask:
C2: 958587 18775 %     4       com.android.tools.r8.ir.regalloc.LinearScanRegisterAllocator::a @ 2151 (3993 bytes)


---------------  P R O C E S S  ---------------

Java Threads: ( => current thread )
  0x0000000019dce000 JavaThread "stdout" [_thread_in_native, id=12140, stack(0x0000000026ba0000,0x0000000026ca0000)]
  0x0000000019dcd800 JavaThread "stderr" [_thread_in_native, id=8320, stack(0x0000000026aa0000,0x0000000026ba0000)]
  0x0000000019dc5000 JavaThread "pool-8-thread-1" [_thread_blocked, id=5684, stack(0x00000000266a0000,0x00000000267a0000)]
  0x0000000019dc8000 JavaThread "WorkerExecutor Queue Thread 2" [_thread_blocked, id=10376, stack(0x00000000265a0000,0x00000000266a0000)]
  0x0000000019dcc000 JavaThread "WorkerExecutor Queue" [_thread_blocked, id=5960, stack(0x00000000264a0000,0x00000000265a0000)]
  0x0000000019dc4800 JavaThread "Cache worker for execution history cache (D:\FocusTimer\.gradle\5.6.4\executionHistory)" [_thread_blocked, id=1040, stack(0x00000000263a0000,0x00000000264a0000)]
  0x0000000019dca800 JavaThread "Execution worker for ':' Thread 3" [_thread_blocked, id=11544, stack(0x00000000262a0000,0x00000000263a0000)]
  0x0000000019dcb000 JavaThread "Execution worker for ':' Thread 2" [_thread_blocked, id=16880, stack(0x0000000025fa0000,0x00000000260a0000)]
  0x0000000019b66800 JavaThread "Execution worker for ':'" [_thread_blocked, id=13668, stack(0x0000000025ea0000,0x0000000025fa0000)]
  0x0000000019b6b800 JavaThread "Cache worker for file content cache (D:\FocusTimer\.gradle\5.6.4\fileContent)" [_thread_blocked, id=12096, stack(0x0000000024b60000,0x0000000024c60000)]
  0x0000000019b6b000 JavaThread "Cache worker for Build Output Cleanup Cache (D:\FocusTimer\.gradle\buildOutputCleanup)" [_thread_in_native, id=11648, stack(0x0000000024960000,0x0000000024a60000)]
  0x0000000019b6a000 JavaThread "Build operations Thread 4" [_thread_blocked, id=5560, stack(0x0000000024860000,0x0000000024960000)]
  0x0000000019b68000 JavaThread "Build operations Thread 3" [_thread_in_native, id=14484, stack(0x0000000024760000,0x0000000024860000)]
  0x0000000019b69800 JavaThread "Build operations Thread 2" [_thread_in_native, id=4100, stack(0x0000000022a60000,0x0000000022b60000)]
  0x0000000019b5e000 JavaThread "Build operations" [_thread_blocked, id=5608, stack(0x0000000022960000,0x0000000022a60000)]
  0x0000000019b65000 JavaThread "Cache worker for cache directory md-rule (C:\Users\mymy\.gradle\caches\5.6.4\md-rule)" [_thread_blocked, id=11136, stack(0x0000000022860000,0x0000000022960000)]
  0x0000000019b5d800 JavaThread "Cache worker for cache directory md-supplier (C:\Users\mymy\.gradle\caches\5.6.4\md-supplier)" [_thread_blocked, id=5344, stack(0x00000000212c0000,0x00000000213c0000)]
  0x0000000019b64000 JavaThread "Cache worker for file hash cache (D:\FocusTimer\.gradle\5.6.4\fileHashes)" [_thread_in_native, id=6804, stack(0x000000001d6f0000,0x000000001d7f0000)]
  0x0000000019b5c800 JavaThread "Thread-51" [_thread_blocked, id=14904, stack(0x000000001c020000,0x000000001c120000)]
  0x0000000019b62800 JavaThread "Stdin handler" [_thread_blocked, id=11772, stack(0x000000001be20000,0x000000001bf20000)]
  0x0000000019b62000 JavaThread "Asynchronous log dispatcher for DefaultDaemonConnection: socket connection from /127.0.0.1:3554 to /127.0.0.1:4851" [_thread_blocked, id=12596, stack(0x000000001bd20000,0x000000001be20000)]
  0x0000000019b60800 JavaThread "Cancel handler" [_thread_blocked, id=8992, stack(0x000000001b920000,0x000000001ba20000)]
  0x0000000019b63800 JavaThread "Handler for socket connection from /127.0.0.1:3554 to /127.0.0.1:4851" [_thread_in_native, id=8196, stack(0x000000001b820000,0x000000001b920000)]
  0x000000001a3ef000 JavaThread "Cache worker for file content cache (C:\Users\mymy\.gradle\caches\5.6.4\fileContent)" [_thread_blocked, id=12304, stack(0x0000000024a60000,0x0000000024b60000)]
  0x0000000019dc6800 JavaThread "Daemon worker Thread 2" [_thread_blocked, id=12716, stack(0x000000001bc20000,0x000000001bd20000)]
  0x0000000019dc3800 JavaThread "Daemon Thread 2" [_thread_blocked, id=17544, stack(0x00000000013e0000,0x00000000014e0000)]
  0x0000000019dc3000 JavaThread "Memory manager" [_thread_blocked, id=10060, stack(0x000000001bf20000,0x000000001c020000)]
  0x000000001a3f4000 JavaThread "Cache worker for execution history cache (C:\Users\mymy\.gradle\caches\5.6.4\executionHistory)" [_thread_blocked, id=16012, stack(0x0000000020860000,0x0000000020960000)]
  0x000000001a3f2000 JavaThread "Cache worker for journal cache (C:\Users\mymy\.gradle\caches\journal-1)" [_thread_in_native, id=12128, stack(0x000000001c520000,0x000000001c620000)]
  0x000000001a3f0800 JavaThread "File lock request listener" [_thread_in_native, id=18668, stack(0x000000001c420000,0x000000001c520000)]
  0x000000001a5ad800 JavaThread "Cache worker for file hash cache (C:\Users\mymy\.gradle\caches\5.6.4\fileHashes)" [_thread_in_native, id=9180, stack(0x000000001c320000,0x000000001c420000)]
  0x000000001a489800 JavaThread "Daemon periodic checks" [_thread_blocked, id=18488, stack(0x000000001b720000,0x000000001b820000)]
  0x000000001a49f000 JavaThread "Incoming local TCP Connector on port 3554" [_thread_in_native, id=18976, stack(0x000000001b620000,0x000000001b720000)]
  0x000000001a3df800 JavaThread "Daemon health stats" [_thread_blocked, id=11656, stack(0x000000001b320000,0x000000001b420000)]
  0x000000001810f000 JavaThread "Service Thread" daemon [_thread_blocked, id=16040, stack(0x0000000018980000,0x0000000018a80000)]
  0x000000001808c000 JavaThread "C1 CompilerThread2" daemon [_thread_blocked, id=16276, stack(0x0000000018880000,0x0000000018980000)]
  0x0000000018089000 JavaThread "C2 CompilerThread1" daemon [_thread_in_native, id=16236, stack(0x0000000018780000,0x0000000018880000)]
=>0x0000000016d8c800 JavaThread "C2 CompilerThread0" daemon [_thread_in_native, id=15884, stack(0x0000000018680000,0x0000000018780000)]
  0x0000000016d40000 JavaThread "Attach Listener" daemon [_thread_blocked, id=15176, stack(0x0000000018580000,0x0000000018680000)]
  0x0000000016d3f000 JavaThread "Signal Dispatcher" daemon [_thread_blocked, id=16228, stack(0x0000000018480000,0x0000000018580000)]
  0x00000000033bb800 JavaThread "Finalizer" daemon [_thread_blocked, id=14552, stack(0x0000000017f80000,0x0000000018080000)]
  0x00000000033b3000 JavaThread "Reference Handler" daemon [_thread_blocked, id=4816, stack(0x0000000017e80000,0x0000000017f80000)]
  0x00000000031be000 JavaThread "main" [_thread_blocked, id=3780, stack(0x00000000031c0000,0x00000000032c0000)]

Other Threads:
  0x0000000016cf6800 VMThread [stack: 0x0000000017d80000,0x0000000017e80000] [id=9940]
  0x0000000018110000 WatcherThread [stack: 0x0000000018a80000,0x0000000018b80000] [id=11608]

VM state:not at safepoint (normal execution)

VM Mutex/Monitor currently owned by a thread: None

heap address: 0x00000000a0000000, size: 1536 MB, Compressed Oops mode: 32-bit
Narrow klass base: 0x0000000000000000, Narrow klass shift: 3
Compressed class space size: 1073741824 Address: 0x0000000100000000

Heap:
 PSYoungGen      total 231936K, used 141090K [0x00000000e0000000, 0x00000000f1800000, 0x0000000100000000)
  eden space 189952K, 72% used [0x00000000e0000000,0x00000000e85f5118,0x00000000eb980000)
  from space 41984K, 9% used [0x00000000ee180000,0x00000000ee553820,0x00000000f0a80000)
  to   space 40960K, 0% used [0x00000000eb980000,0x00000000eb980000,0x00000000ee180000)
 ParOldGen       total 127488K, used 109038K [0x00000000a0000000, 0x00000000a7c80000, 0x00000000e0000000)
  object space 127488K, 85% used [0x00000000a0000000,0x00000000a6a7b9a8,0x00000000a7c80000)
 Metaspace       used 93974K, capacity 98398K, committed 98560K, reserved 1134592K
  class space    used 11996K, capacity 12971K, committed 13056K, reserved 1048576K

Card table byte_map: [0x0000000012780000,0x0000000012a90000] byte_map_base: 0x0000000012280000

Marking Bits: (ParMarkBitMap*) 0x000000006ce79f30
 Begin Bits: [0x0000000013090000, 0x0000000014890000)
 End Bits:   [0x0000000014890000, 0x0000000016090000)

Polling page: 0x0000000000df0000

CodeCache: size=245760Kb used=58139Kb max_used=58139Kb free=187620Kb
 bounds [0x00000000033c0000, 0x0000000006cd0000, 0x00000000123c0000]
 total_blobs=16985 nmethods=16086 adapters=810
 compilation: enabled

Compilation events (10 events):
Event: 958.309 Thread 0x000000001808c000 19452       2       com.android.tools.r8.graph.l::C (26 bytes)
Event: 958.309 Thread 0x000000001808c000 nmethod 19452 0x0000000006cca150 code [0x0000000006cca2a0, 0x0000000006cca430]
Event: 958.309 Thread 0x000000001808c000 19453       2       com.android.tools.r8.dex.o::c (54 bytes)
Event: 958.309 Thread 0x000000001808c000 nmethod 19453 0x0000000006cca4d0 code [0x0000000006cca660, 0x0000000006cca868]
Event: 958.309 Thread 0x000000001808c000 19454       2       com.android.tools.r8.dex.o::b (10 bytes)
Event: 958.309 Thread 0x000000001808c000 nmethod 19454 0x0000000006cca990 code [0x0000000006ccab00, 0x0000000006ccac68]
Event: 958.309 Thread 0x000000001808c000 19455       2       com.android.tools.r8.dex.o::b (10 bytes)
Event: 958.309 Thread 0x000000001808c000 nmethod 19455 0x0000000006ccad10 code [0x0000000006ccae80, 0x0000000006ccafe8]
Event: 958.316 Thread 0x000000001808c000 19457       2       java.lang.Math::addExact (32 bytes)
Event: 958.316 Thread 0x000000001808c000 nmethod 19457 0x0000000006ccb090 code [0x0000000006ccb200, 0x0000000006ccb3e8]

GC Heap History (10 events):
Event: 953.728 GC heap before
{Heap before GC invocations=33 (full 3):
 PSYoungGen      total 230912K, used 191316K [0x00000000e0000000, 0x00000000f1800000, 0x0000000100000000)
  eden space 189952K, 100% used [0x00000000e0000000,0x00000000eb980000,0x00000000eb980000)
  from space 40960K, 3% used [0x00000000eb980000,0x00000000ebad5028,0x00000000ee180000)
  to   space 41984K, 0% used [0x00000000ee180000,0x00000000ee180000,0x00000000f0a80000)
 ParOldGen       total 127488K, used 100838K [0x00000000a0000000, 0x00000000a7c80000, 0x00000000e0000000)
  object space 127488K, 79% used [0x00000000a0000000,0x00000000a6279a08,0x00000000a7c80000)
 Metaspace       used 93537K, capacity 97864K, committed 98048K, reserved 1134592K
  class space    used 11987K, capacity 12934K, committed 13056K, reserved 1048576K
Event: 953.744 GC heap after
Heap after GC invocations=33 (full 3):
 PSYoungGen      total 231936K, used 3035K [0x00000000e0000000, 0x00000000f1800000, 0x0000000100000000)
  eden space 189952K, 0% used [0x00000000e0000000,0x00000000e0000000,0x00000000eb980000)
  from space 41984K, 7% used [0x00000000ee180000,0x00000000ee476dd0,0x00000000f0a80000)
  to   space 40960K, 0% used [0x00000000eb980000,0x00000000eb980000,0x00000000ee180000)
 ParOldGen       total 127488K, used 101638K [0x00000000a0000000, 0x00000000a7c80000, 0x00000000e0000000)
  object space 127488K, 79% used [0x00000000a0000000,0x00000000a6341a08,0x00000000a7c80000)
 Metaspace       used 93537K, capacity 97864K, committed 98048K, reserved 1134592K
  class space    used 11987K, capacity 12934K, committed 13056K, reserved 1048576K
}
Event: 954.609 GC heap before
{Heap before GC invocations=34 (full 3):
 PSYoungGen      total 231936K, used 192987K [0x00000000e0000000, 0x00000000f1800000, 0x0000000100000000)
  eden space 189952K, 100% used [0x00000000e0000000,0x00000000eb980000,0x00000000eb980000)
  from space 41984K, 7% used [0x00000000ee180000,0x00000000ee476dd0,0x00000000f0a80000)
  to   space 40960K, 0% used [0x00000000eb980000,0x00000000eb980000,0x00000000ee180000)
 ParOldGen       total 127488K, used 101638K [0x00000000a0000000, 0x00000000a7c80000, 0x00000000e0000000)
  object space 127488K, 79% used [0x00000000a0000000,0x00000000a6341a08,0x00000000a7c80000)
 Metaspace       used 93644K, capacity 98068K, committed 98304K, reserved 1134592K
  class space    used 11987K, capacity 12934K, committed 13056K, reserved 1048576K
Event: 954.649 GC heap after
Heap after GC invocations=34 (full 3):
 PSYoungGen      total 230912K, used 2336K [0x00000000e0000000, 0x00000000f1800000, 0x0000000100000000)
  eden space 189952K, 0% used [0x00000000e0000000,0x00000000e0000000,0x00000000eb980000)
  from space 40960K, 5% used [0x00000000eb980000,0x00000000ebbc8000,0x00000000ee180000)
  to   space 41984K, 0% used [0x00000000ee180000,0x00000000ee180000,0x00000000f0a80000)
 ParOldGen       total 127488K, used 103902K [0x00000000a0000000, 0x00000000a7c80000, 0x00000000e0000000)
  object space 127488K, 81% used [0x00000000a0000000,0x00000000a6577a28,0x00000000a7c80000)
 Metaspace       used 93644K, capacity 98068K, committed 98304K, reserved 1134592K
  class space    used 11987K, capacity 12934K, committed 13056K, reserved 1048576K
}
Event: 955.596 GC heap before
{Heap before GC invocations=35 (full 3):
 PSYoungGen      total 230912K, used 192288K [0x00000000e0000000, 0x00000000f1800000, 0x0000000100000000)
  eden space 189952K, 100% used [0x00000000e0000000,0x00000000eb980000,0x00000000eb980000)
  from space 40960K, 5% used [0x00000000eb980000,0x00000000ebbc8000,0x00000000ee180000)
  to   space 41984K, 0% used [0x00000000ee180000,0x00000000ee180000,0x00000000f0a80000)
 ParOldGen       total 127488K, used 103902K [0x00000000a0000000, 0x00000000a7c80000, 0x00000000e0000000)
  object space 127488K, 81% used [0x00000000a0000000,0x00000000a6577a28,0x00000000a7c80000)
 Metaspace       used 93707K, capacity 98080K, committed 98304K, reserved 1134592K
  class space    used 11989K, capacity 12938K, committed 13056K, reserved 1048576K
Event: 955.607 GC heap after
Heap after GC invocations=35 (full 3):
 PSYoungGen      total 231936K, used 1792K [0x00000000e0000000, 0x00000000f1800000, 0x0000000100000000)
  eden space 189952K, 0% used [0x00000000e0000000,0x00000000e0000000,0x00000000eb980000)
  from space 41984K, 4% used [0x00000000ee180000,0x00000000ee340000,0x00000000f0a80000)
  to   space 40960K, 0% used [0x00000000eb980000,0x00000000eb980000,0x00000000ee180000)
 ParOldGen       total 127488K, used 105843K [0x00000000a0000000, 0x00000000a7c80000, 0x00000000e0000000)
  object space 127488K, 83% used [0x00000000a0000000,0x00000000a675cd00,0x00000000a7c80000)
 Metaspace       used 93707K, capacity 98080K, committed 98304K, reserved 1134592K
  class space    used 11989K, capacity 12938K, committed 13056K, reserved 1048576K
}
Event: 956.778 GC heap before
{Heap before GC invocations=36 (full 3):
 PSYoungGen      total 231936K, used 191744K [0x00000000e0000000, 0x00000000f1800000, 0x0000000100000000)
  eden space 189952K, 100% used [0x00000000e0000000,0x00000000eb980000,0x00000000eb980000)
  from space 41984K, 4% used [0x00000000ee180000,0x00000000ee340000,0x00000000f0a80000)
  to   space 40960K, 0% used [0x00000000eb980000,0x00000000eb980000,0x00000000ee180000)
 ParOldGen       total 127488K, used 105843K [0x00000000a0000000, 0x00000000a7c80000, 0x00000000e0000000)
  object space 127488K, 83% used [0x00000000a0000000,0x00000000a675cd00,0x00000000a7c80000)
 Metaspace       used 93806K, capacity 98222K, committed 98560K, reserved 1134592K
  class space    used 11992K, capacity 12939K, committed 13056K, reserved 1048576K
Event: 956.787 GC heap after
Heap after GC invocations=36 (full 3):
 PSYoungGen      total 230912K, used 3050K [0x00000000e0000000, 0x00000000f1800000, 0x0000000100000000)
  eden space 189952K, 0% used [0x00000000e0000000,0x00000000e0000000,0x00000000eb980000)
  from space 40960K, 7% used [0x00000000eb980000,0x00000000ebc7ab30,0x00000000ee180000)
  to   space 41984K, 0% used [0x00000000ee180000,0x00000000ee180000,0x00000000f0a80000)
 ParOldGen       total 127488K, used 106987K [0x00000000a0000000, 0x00000000a7c80000, 0x00000000e0000000)
  object space 127488K, 83% used [0x00000000a0000000,0x00000000a687ad00,0x00000000a7c80000)
 Metaspace       used 93806K, capacity 98222K, committed 98560K, reserved 1134592K
  class space    used 11992K, capacity 12939K, committed 13056K, reserved 1048576K
}
Event: 957.749 GC heap before
{Heap before GC invocations=37 (full 3):
 PSYoungGen      total 230912K, used 193002K [0x00000000e0000000, 0x00000000f1800000, 0x0000000100000000)
  eden space 189952K, 100% used [0x00000000e0000000,0x00000000eb980000,0x00000000eb980000)
  from space 40960K, 7% used [0x00000000eb980000,0x00000000ebc7ab30,0x00000000ee180000)
  to   space 41984K, 0% used [0x00000000ee180000,0x00000000ee180000,0x00000000f0a80000)
 ParOldGen       total 127488K, used 106987K [0x00000000a0000000, 0x00000000a7c80000, 0x00000000e0000000)
  object space 127488K, 83% used [0x00000000a0000000,0x00000000a687ad00,0x00000000a7c80000)
 Metaspace       used 93896K, capacity 98294K, committed 98560K, reserved 1134592K
  class space    used 11993K, capacity 12939K, committed 13056K, reserved 1048576K
Event: 957.763 GC heap after
Heap after GC invocations=37 (full 3):
 PSYoungGen      total 231936K, used 3918K [0x00000000e0000000, 0x00000000f1800000, 0x0000000100000000)
  eden space 189952K, 0% used [0x00000000e0000000,0x00000000e0000000,0x00000000eb980000)
  from space 41984K, 9% used [0x00000000ee180000,0x00000000ee553820,0x00000000f0a80000)
  to   space 40960K, 0% used [0x00000000eb980000,0x00000000eb980000,0x00000000ee180000)
 ParOldGen       total 127488K, used 109038K [0x00000000a0000000, 0x00000000a7c80000, 0x00000000e0000000)
  object space 127488K, 85% used [0x00000000a0000000,0x00000000a6a7b9a8,0x00000000a7c80000)
 Metaspace       used 93896K, capacity 98294K, committed 98560K, reserved 1134592K
  class space    used 11993K, capacity 12939K, committed 13056K, reserved 1048576K
}

Deoptimization events (10 events):
Event: 955.871 Thread 0x0000000019b6a000 Uncommon trap: reason=bimorphic action=maybe_recompile pc=0x000000000692ccac method=com.android.tools.r8.u.a.h.e.b(Lcom/android/tools/r8/u/b/d0;)V @ 43
Event: 956.031 Thread 0x0000000019b6a000 Uncommon trap: reason=bimorphic action=maybe_recompile pc=0x000000000684d58c method=com.android.tools.r8.u.b.j1.a(Lcom/android/tools/r8/ir/analysis/type/k;)Lcom/android/tools/r8/u/b/j1; @ 29
Event: 956.031 Thread 0x0000000019b6a000 Uncommon trap: reason=bimorphic action=maybe_recompile pc=0x000000000684d58c method=com.android.tools.r8.u.b.j1.a(Lcom/android/tools/r8/ir/analysis/type/k;)Lcom/android/tools/r8/u/b/j1; @ 29
Event: 956.031 Thread 0x0000000019b6a000 Uncommon trap: reason=bimorphic action=maybe_recompile pc=0x000000000684d58c method=com.android.tools.r8.u.b.j1.a(Lcom/android/tools/r8/ir/analysis/type/k;)Lcom/android/tools/r8/u/b/j1; @ 29
Event: 956.031 Thread 0x0000000019b6a000 Uncommon trap: reason=bimorphic action=maybe_recompile pc=0x000000000684d58c method=com.android.tools.r8.u.b.j1.a(Lcom/android/tools/r8/ir/analysis/type/k;)Lcom/android/tools/r8/u/b/j1; @ 29
Event: 956.419 Thread 0x0000000019b6a000 Uncommon trap: reason=class_check action=maybe_recompile pc=0x00000000065a6c44 method=com.android.tools.r8.u.c.m.a(ILjava/util/List;Lcom/android/tools/r8/v/a/a/a/h/Q0;)Lcom/android/tools/r8/u/c/m; @ 10
Event: 956.426 Thread 0x0000000019b6a000 Uncommon trap: reason=bimorphic action=maybe_recompile pc=0x000000000692ccac method=com.android.tools.r8.u.a.h.e.b(Lcom/android/tools/r8/u/b/d0;)V @ 43
Event: 957.429 Thread 0x0000000019dca800 Uncommon trap: reason=unstable_if action=reinterpret pc=0x0000000005a1ef1c method=java.util.concurrent.locks.AbstractQueuedSynchronizer.enq(Ljava/util/concurrent/locks/AbstractQueuedSynchronizer$Node;)Ljava/util/concurrent/locks/AbstractQueuedSynchronizer
Event: 957.727 Thread 0x0000000019dca800 Uncommon trap: reason=class_check action=maybe_recompile pc=0x00000000049103d4 method=com.android.tools.r8.u.c.o.a(Lcom/android/tools/r8/u/c/M;IZ)V @ 526
Event: 958.181 Thread 0x0000000019dca800 Uncommon trap: reason=unstable_if action=reinterpret pc=0x00000000050d577c method=java.lang.Long.numberOfTrailingZeros(J)I @ 3

Classes redefined (0 events):
No events

Internal exceptions (10 events):
Event: 956.818 Thread 0x0000000019b69800 Exception <a 'sun/nio/fs/WindowsException'> (0x00000000e0806958) thrown at [D:\src\AOSP-openjdk-cygwin\jdk8u\hotspot\src\share\vm\prims\jni.cpp, line 710]
Event: 956.856 Thread 0x0000000019dca800 Exception <a 'sun/nio/fs/WindowsException'> (0x00000000e00c4cd8) thrown at [D:\src\AOSP-openjdk-cygwin\jdk8u\hotspot\src\share\vm\prims\jni.cpp, line 710]
Event: 957.084 Thread 0x0000000019dca800 Exception <a 'sun/nio/fs/WindowsException'> (0x00000000e3b32998) thrown at [D:\src\AOSP-openjdk-cygwin\jdk8u\hotspot\src\share\vm\prims\jni.cpp, line 710]
Event: 957.451 Thread 0x0000000019b68000 Exception <a 'sun/nio/fs/WindowsException'> (0x00000000e690dd80) thrown at [D:\src\AOSP-openjdk-cygwin\jdk8u\hotspot\src\share\vm\prims\jni.cpp, line 710]
Event: 957.704 Thread 0x0000000019dca800 Exception <a 'sun/nio/fs/WindowsException'> (0x00000000e3bf5860) thrown at [D:\src\AOSP-openjdk-cygwin\jdk8u\hotspot\src\share\vm\prims\jni.cpp, line 710]
Event: 957.732 Thread 0x0000000019b69800 Exception <a 'sun/nio/fs/WindowsException'> (0x00000000ea35a688) thrown at [D:\src\AOSP-openjdk-cygwin\jdk8u\hotspot\src\share\vm\prims\jni.cpp, line 710]
Event: 958.185 Thread 0x0000000019dca800 Exception <a 'sun/nio/fs/WindowsException'> (0x00000000e75f64c0) thrown at [D:\src\AOSP-openjdk-cygwin\jdk8u\hotspot\src\share\vm\prims\jni.cpp, line 710]
Event: 958.203 Thread 0x0000000019b69800 Exception <a 'sun/nio/fs/WindowsException'> (0x00000000e7826130) thrown at [D:\src\AOSP-openjdk-cygwin\jdk8u\hotspot\src\share\vm\prims\jni.cpp, line 710]
Event: 958.268 Thread 0x0000000019b68000 Exception <a 'sun/nio/fs/WindowsException'> (0x00000000e833efd0) thrown at [D:\src\AOSP-openjdk-cygwin\jdk8u\hotspot\src\share\vm\prims\jni.cpp, line 710]
Event: 958.313 Thread 0x0000000019b6a000 Exception <a 'sun/nio/fs/WindowsException'> (0x00000000e83f8780) thrown at [D:\src\AOSP-openjdk-cygwin\jdk8u\hotspot\src\share\vm\prims\jni.cpp, line 710]

Events (10 events):
Event: 958.342 Executing VM operation: RevokeBias
Event: 958.342 Executing VM operation: RevokeBias done
Event: 958.379 loading class com/android/tools/r8/utils/StringDiagnostic
Event: 958.379 loading class com/android/tools/r8/utils/StringDiagnostic done
Event: 958.379 loading class com/android/tools/r8/position/Position$a
Event: 958.379 loading class com/android/tools/r8/position/Position$a done
Event: 958.380 loading class com/android/build/gradle/internal/errors/MessageReceiverImpl$WhenMappings
Event: 958.380 loading class com/android/build/gradle/internal/errors/MessageReceiverImpl$WhenMappings done
Event: 958.399 loading class com/android/build/gradle/internal/errors/MessageReceiverImplKt
Event: 958.399 loading class com/android/build/gradle/internal/errors/MessageReceiverImplKt done


Dynamic libraries:
0x00007ff7047a0000 - 0x00007ff7047d1000 	D:\AndriodStudio\jre\bin\java.exe
0x00007ffba52e0000 - 0x00007ffba54d0000 	C:\WINDOWS\SYSTEM32\ntdll.dll
0x00007ffba4200000 - 0x00007ffba42b2000 	C:\WINDOWS\System32\KERNEL32.DLL
0x00007ffba2320000 - 0x00007ffba25c3000 	C:\WINDOWS\System32\KERNELBASE.dll
0x00007ffba0000000 - 0x00007ffba008f000 	C:\WINDOWS\SYSTEM32\apphelp.dll
0x00007ffba3390000 - 0x00007ffba3433000 	C:\WINDOWS\System32\ADVAPI32.dll
0x00007ffba4010000 - 0x00007ffba40ae000 	C:\WINDOWS\System32\msvcrt.dll
0x00007ffba5200000 - 0x00007ffba5297000 	C:\WINDOWS\System32\sechost.dll
0x00007ffba42f0000 - 0x00007ffba4410000 	C:\WINDOWS\System32\RPCRT4.dll
0x00007ffba3b30000 - 0x00007ffba3cc4000 	C:\WINDOWS\System32\USER32.dll
0x00007ffba3260000 - 0x00007ffba3281000 	C:\WINDOWS\System32\win32u.dll
0x00007ffba4670000 - 0x00007ffba4696000 	C:\WINDOWS\System32\GDI32.dll
0x00007ffba2ea0000 - 0x00007ffba3034000 	C:\WINDOWS\System32\gdi32full.dll
0x00007ffba31c0000 - 0x00007ffba325e000 	C:\WINDOWS\System32\msvcp_win.dll
0x00007ffba3290000 - 0x00007ffba338a000 	C:\WINDOWS\System32\ucrtbase.dll
0x00007ffb94a40000 - 0x00007ffb94cc5000 	C:\WINDOWS\WinSxS\amd64_microsoft.windows.common-controls_6595b64144ccf1df_6.0.18362.720_none_e6beb5c51314836b\COMCTL32.dll
0x00007ffba3cd0000 - 0x00007ffba4006000 	C:\WINDOWS\System32\combase.dll
0x00007ffba2e20000 - 0x00007ffba2ea0000 	C:\WINDOWS\System32\bcryptPrimitives.dll
0x00007ffba42c0000 - 0x00007ffba42ee000 	C:\WINDOWS\System32\IMM32.DLL
0x000000006c060000 - 0x000000006c132000 	D:\AndriodStudio\jre\jre\bin\msvcr100.dll
0x000000006c6b0000 - 0x000000006cef6000 	D:\AndriodStudio\jre\jre\bin\server\jvm.dll
0x00007ffba4710000 - 0x00007ffba4718000 	C:\WINDOWS\System32\PSAPI.DLL
0x00007ffb91950000 - 0x00007ffb91959000 	C:\WINDOWS\SYSTEM32\WSOCK32.dll
0x00007ffba4410000 - 0x00007ffba447f000 	C:\WINDOWS\System32\WS2_32.dll
0x00007ffb9d250000 - 0x00007ffb9d25a000 	C:\WINDOWS\SYSTEM32\VERSION.dll
0x00007ffb9fdd0000 - 0x00007ffb9fdf4000 	C:\WINDOWS\SYSTEM32\WINMM.dll
0x00007ffb9fcc0000 - 0x00007ffb9fced000 	C:\WINDOWS\SYSTEM32\winmmbase.dll
0x00007ffba22d0000 - 0x00007ffba231a000 	C:\WINDOWS\System32\cfgmgr32.dll
0x00007ffb9e770000 - 0x00007ffb9e77f000 	D:\AndriodStudio\jre\jre\bin\verify.dll
0x00007ffb9e740000 - 0x00007ffb9e769000 	D:\AndriodStudio\jre\jre\bin\java.dll
0x00007ffb9e720000 - 0x00007ffb9e736000 	D:\AndriodStudio\jre\jre\bin\zip.dll
0x00007ffba3440000 - 0x00007ffba3b25000 	C:\WINDOWS\System32\SHELL32.dll
0x00007ffba4480000 - 0x00007ffba4529000 	C:\WINDOWS\System32\shcore.dll
0x00007ffba2680000 - 0x00007ffba2e00000 	C:\WINDOWS\System32\windows.storage.dll
0x00007ffba2220000 - 0x00007ffba2243000 	C:\WINDOWS\System32\profapi.dll
0x00007ffba21d0000 - 0x00007ffba221a000 	C:\WINDOWS\System32\powrprof.dll
0x00007ffba21a0000 - 0x00007ffba21b0000 	C:\WINDOWS\System32\UMPDC.dll
0x00007ffba4f40000 - 0x00007ffba4f92000 	C:\WINDOWS\System32\shlwapi.dll
0x00007ffba21b0000 - 0x00007ffba21c1000 	C:\WINDOWS\System32\kernel.appcore.dll
0x00007ffba2e00000 - 0x00007ffba2e17000 	C:\WINDOWS\System32\cryptsp.dll
0x00007ffb9e700000 - 0x00007ffb9e71a000 	D:\AndriodStudio\jre\jre\bin\net.dll
0x00007ffb920e0000 - 0x00007ffb922b5000 	C:\WINDOWS\SYSTEM32\urlmon.dll
0x00007ffb91e30000 - 0x00007ffb920d6000 	C:\WINDOWS\SYSTEM32\iertutil.dll
0x00007ffba1be0000 - 0x00007ffba1bec000 	C:\WINDOWS\SYSTEM32\CRYPTBASE.DLL
0x00007ffba1a10000 - 0x00007ffba1a77000 	C:\WINDOWS\system32\mswsock.dll
0x00007ffb9e6e0000 - 0x00007ffb9e6f3000 	D:\AndriodStudio\jre\jre\bin\nio.dll
0x00007ffb9c3f0000 - 0x00007ffb9c416000 	C:\Users\mymy\.gradle\native\30\windows-amd64\native-platform.dll
0x00007ffb9dc80000 - 0x00007ffb9dc8d000 	D:\AndriodStudio\jre\jre\bin\management.dll
0x00007ffba1580000 - 0x00007ffba15b3000 	C:\WINDOWS\system32\rsaenh.dll
0x00007ffba3040000 - 0x00007ffba3066000 	C:\WINDOWS\System32\bcrypt.dll
0x00007ffba20c0000 - 0x00007ffba20e5000 	C:\WINDOWS\SYSTEM32\USERENV.dll
0x00007ffba1720000 - 0x00007ffba175a000 	C:\WINDOWS\SYSTEM32\IPHLPAPI.DLL
0x00007ffba46a0000 - 0x00007ffba46a8000 	C:\WINDOWS\System32\NSI.dll
0x00007ffb95cb0000 - 0x00007ffb95cc6000 	C:\WINDOWS\SYSTEM32\dhcpcsvc6.DLL
0x00007ffb98290000 - 0x00007ffb982ac000 	C:\WINDOWS\SYSTEM32\dhcpcsvc.DLL
0x00007ffba1760000 - 0x00007ffba182a000 	C:\WINDOWS\SYSTEM32\DNSAPI.dll
0x00007ffb9bd50000 - 0x00007ffb9bd74000 	D:\AndriodStudio\jre\jre\bin\sunec.dll
0x000000006dd50000 - 0x000000006dd76000 	C:\Program Files\Bonjour\mdnsNSP.dll
0x00007ffb92df0000 - 0x00007ffb92dfa000 	C:\Windows\System32\rasadhlp.dll
0x00007ffb95760000 - 0x00007ffb957d7000 	C:\WINDOWS\System32\fwpuclnt.dll
0x00007ffb9dc70000 - 0x00007ffb9dc7b000 	D:\AndriodStudio\jre\jre\bin\sunmscapi.dll
0x00007ffba3070000 - 0x00007ffba31b9000 	C:\WINDOWS\System32\CRYPT32.dll
0x00007ffba2250000 - 0x00007ffba2262000 	C:\WINDOWS\System32\MSASN1.dll

VM Arguments:
jvm_args: -Xmx1536m -Dfile.encoding=GBK -Duser.country=CN -Duser.language=zh -Duser.variant 
java_command: org.gradle.launcher.daemon.bootstrap.GradleDaemon 5.6.4
java_class_path (initial): D:\AndriodStudio\gradle\gradle-5.6.4\lib\gradle-launcher-5.6.4.jar
Launcher Type: SUN_STANDARD

Environment Variables:
PATH=C:\Program Files (x86)\Common Files\Oracle\Java\javapath;C:\Program Files (x86)\Intel\iCLS Client\;C:\Program Files\Intel\iCLS Client\;C:\Windows\system32;C:\Windows;C:\Windows\System32\Wbem;C:\Windows\System32\WindowsPowerShell\v1.0\;C:\Program Files (x86)\Intel\Intel(R) Management Engine Components\DAL;C:\Program Files\Intel\Intel(R) Management Engine Components\DAL;C:\Program Files (x86)\Intel\Intel(R) Management Engine Components\IPT;C:\Program Files\Intel\Intel(R) Management Engine Components\IPT;C:\Program Files (x86)\NVIDIA Corporation\PhysX\Common;C:\WINDOWS\system32;C:\WINDOWS;C:\WINDOWS\System32\Wbem;C:\WINDOWS\System32\WindowsPowerShell\v1.0\;C:\WINDOWS\System32\OpenSSH\;%QUARTUS_ROOTDIR%\bin;C:\Program Files\Microsoft SQL Server\110\DTS\Binn\;C:\Program Files (x86)\Microsoft SQL Server\110\Tools\Binn\;C:\Program Files\Microsoft SQL Server\110\Tools\Binn\;C:\Program Files (x86)\Microsoft SQL Server\110\Tools\Binn\ManagementStudio\;C:\Program Files (x86)\Microsoft SQL Server\110\DTS\Binn\;E:\Git2\cmd;%JAVA_HOME%\bin;%JAVA_HOME%\jre\bin;C:\Users\mymy\AppData\Local\Microsoft\WindowsApps;
USERNAME=mymy
OS=Windows_NT
PROCESSOR_IDENTIFIER=Intel64 Family 6 Model 158 Stepping 9, GenuineIntel



---------------  S Y S T E M  ---------------

OS: Windows 10.0 , 64 bit Build 18362 (10.0.18362.329)

CPU:total 4 (initial active 4) (4 cores per cpu, 1 threads per core) family 6 model 158 stepping 9, cmov, cx8, fxsr, mmx, sse, sse2, sse3, ssse3, sse4.1, sse4.2, popcnt, avx, avx2, aes, clmul, erms, 3dnowpref, lzcnt, tsc, tscinvbit, bmi1, bmi2, adx

Memory: 4k page, physical 14912152k(2789448k free), swap 14912152k(5136k free)

vm_info: OpenJDK 64-Bit Server VM (25.212-b04) for windows-amd64 JRE (1.8.0_212-release-1586-b04), built by "builder" with MS VC++ 10.0 (VS2010)

time: Fri Mar 20 00:09:19 2020
timezone: 中国标准时间
elapsed time: 958 seconds (0d 0h 15m 58s)

